<?xml version="1.0" encoding="UTF-8"?>
<!-- Generated by org.testng.reporters.JUnitXMLReporter -->
<testsuite hostname="ManishkumarG-MS" ignored="0" name="Test-class test" tests="4" failures="0" timestamp="26 Jul 2019 14:09:07 GMT" time="0.041" errors="0">
  <testcase name="@BeforeClass beforeClass" time="0.008" classname="com.testng.ParallelClassesTestOne">
    <failure type="java.lang.IllegalStateException" message="The driver executable does not exist: C:\Users\Manishkumarg\eclipse-workspace\MavenSample\Excuteable\chromedriver.exe">
      <![CDATA[java.lang.IllegalStateException: The driver executable does not exist: C:\Users\Manishkumarg\eclipse-workspace\MavenSample\Excuteable\chromedriver.exe
at com.google.common.base.Preconditions.checkState(Preconditions.java:585)
at org.openqa.selenium.remote.service.DriverService.checkExecutable(DriverService.java:146)
at org.openqa.selenium.remote.service.DriverService.findExecutable(DriverService.java:141)
at org.openqa.selenium.chrome.ChromeDriverService.access$000(ChromeDriverService.java:35)
at org.openqa.selenium.chrome.ChromeDriverService$Builder.findDefaultExecutable(ChromeDriverService.java:159)
at org.openqa.selenium.remote.service.DriverService$Builder.build(DriverService.java:355)
at org.openqa.selenium.chrome.ChromeDriverService.createDefaultService(ChromeDriverService.java:94)
at org.openqa.selenium.chrome.ChromeDriver.<init>(ChromeDriver.java:123)
at com.testng.ParallelClassesTestOne.beforeClass(ParallelClassesTestOne.java:21)
at java.util.concurrent.ThreadPoolExecutor.runWorker(ThreadPoolExecutor.java:1149)
at java.util.concurrent.ThreadPoolExecutor$Worker.run(ThreadPoolExecutor.java:624)
at java.lang.Thread.run(Thread.java:748)
... Removed 11 stack frames]]>
    </failure>
  </testcase> <!-- @BeforeClass beforeClass -->
  <testcase name="@BeforeClass beforeClass" time="0.018" classname="com.testng.ParallelClassesTestTwo">
    <failure type="java.lang.IllegalStateException" message="The driver executable does not exist: C:\Users\Manishkumarg\eclipse-workspace\MavenSample\Excuteable\geckodriver.exe">
      <![CDATA[java.lang.IllegalStateException: The driver executable does not exist: C:\Users\Manishkumarg\eclipse-workspace\MavenSample\Excuteable\geckodriver.exe
at com.google.common.base.Preconditions.checkState(Preconditions.java:585)
at org.openqa.selenium.remote.service.DriverService.checkExecutable(DriverService.java:146)
at org.openqa.selenium.remote.service.DriverService.findExecutable(DriverService.java:141)
at org.openqa.selenium.firefox.GeckoDriverService.access$100(GeckoDriverService.java:44)
at org.openqa.selenium.firefox.GeckoDriverService$Builder.findDefaultExecutable(GeckoDriverService.java:167)
at org.openqa.selenium.remote.service.DriverService$Builder.build(DriverService.java:355)
at org.openqa.selenium.firefox.FirefoxDriver.toExecutor(FirefoxDriver.java:190)
at org.openqa.selenium.firefox.FirefoxDriver.<init>(FirefoxDriver.java:147)
at org.openqa.selenium.firefox.FirefoxDriver.<init>(FirefoxDriver.java:125)
at com.testng.ParallelClassesTestTwo.beforeClass(ParallelClassesTestTwo.java:20)
at java.util.concurrent.ThreadPoolExecutor.runWorker(ThreadPoolExecutor.java:1149)
at java.util.concurrent.ThreadPoolExecutor$Worker.run(ThreadPoolExecutor.java:624)
at java.lang.Thread.run(Thread.java:748)
... Removed 11 stack frames]]>
    </failure>
  </testcase> <!-- @BeforeClass beforeClass -->
  <testcase name="@AfterClass afterClass" time="0.0" classname="com.testng.ParallelClassesTestTwo">
    <skipped/>
  </testcase> <!-- @AfterClass afterClass -->
  <testcase name="@AfterClass afterClass" time="0.0" classname="com.testng.ParallelClassesTestOne">
    <skipped/>
  </testcase> <!-- @AfterClass afterClass -->
  <testcase name="testMethodOne" time="0.0" classname="com.testng.ParallelClassesTestTwo">
    <skipped/>
  </testcase> <!-- testMethodOne -->
  <testcase name="testMethodOne" time="0.0" classname="com.testng.ParallelClassesTestOne">
    <skipped/>
  </testcase> <!-- testMethodOne -->
  <testcase name="testMethodTwo" time="0.0" classname="com.testng.ParallelClassesTestTwo">
    <skipped/>
  </testcase> <!-- testMethodTwo -->
  <testcase name="testMethodTwo" time="0.0" classname="com.testng.ParallelClassesTestOne">
    <skipped/>
  </testcase> <!-- testMethodTwo -->
</testsuite> <!-- Test-class test -->
