<?xml version="1.0" encoding="UTF-8"?>
<!-- Generated by org.testng.reporters.JUnitXMLReporter -->
<testsuite hostname="ManishkumarG-MS" ignored="2" name="Default test(failed)" tests="2" failures="1" timestamp="16 Aug 2019 12:22:39 GMT" time="15.47" errors="0">
  <testcase name="TestExample3" time="0.04" classname="test.AlertBoxTest">
    <failure type="java.lang.AssertionError" message="expected [true] but found [false]">
      <![CDATA[java.lang.AssertionError: expected [true] but found [false]
at test.AlertBoxTest.TestExample3(AlertBoxTest.java:58)
... Removed 31 stack frames]]>
    </failure>
  </testcase> <!-- TestExample3 -->
  <testcase name="testPositionData" time="0.352" classname="test.AlertBoxTest"/>
  <testcase name="testExample2" time="0.0" classname="test.AlertBoxTest">
    <ignored/>
  </testcase> <!-- testExample2 -->
  <testcase name="testexample" time="0.0" classname="test.AlertBoxTest">
    <ignored/>
  </testcase> <!-- testexample -->
</testsuite> <!-- Default test(failed) -->
